2024-07-15 17:09:28,251 - sqlalchemy.engine.Engine - INFO - BEGIN (implicit)
2024-07-15 17:09:28,253 - sqlalchemy.engine.Engine - INFO - PRAGMA main.table_info("emailmodel")
2024-07-15 17:09:28,253 - sqlalchemy.engine.Engine - INFO - [raw sql] ()
2024-07-15 17:09:28,258 - sqlalchemy.engine.Engine - INFO - PRAGMA temp.table_info("emailmodel")
2024-07-15 17:09:28,258 - sqlalchemy.engine.Engine - INFO - [raw sql] ()
2024-07-15 17:09:28,259 - sqlalchemy.engine.Engine - INFO - PRAGMA main.table_info("usermodel")
2024-07-15 17:09:28,259 - sqlalchemy.engine.Engine - INFO - [raw sql] ()
2024-07-15 17:09:28,260 - sqlalchemy.engine.Engine - INFO - PRAGMA temp.table_info("usermodel")
2024-07-15 17:09:28,260 - sqlalchemy.engine.Engine - INFO - [raw sql] ()
2024-07-15 17:09:28,261 - sqlalchemy.engine.Engine - INFO - 
CREATE TABLE emailmodel (
	id INTEGER NOT NULL, 
	from_email VARCHAR NOT NULL, 
	to_email VARCHAR NOT NULL, 
	to_cc_email VARCHAR, 
	to_cco_email VARCHAR, 
	subject VARCHAR NOT NULL, 
	body VARCHAR NOT NULL, 
	status VARCHAR NOT NULL, 
	created_at DATETIME NOT NULL, 
	sent_at DATETIME, 
	PRIMARY KEY (id)
)


2024-07-15 17:09:28,264 - sqlalchemy.engine.Engine - INFO - [no key 0.00281s] ()
2024-07-15 17:09:28,273 - sqlalchemy.engine.Engine - INFO - 
CREATE TABLE usermodel (
	id CHAR(32) NOT NULL, 
	service_name VARCHAR NOT NULL, 
	hashed_password VARCHAR NOT NULL, 
	is_active BOOLEAN NOT NULL, 
	created_at DATETIME NOT NULL, 
	updated_at DATETIME, 
	PRIMARY KEY (id)
)


2024-07-15 17:09:28,275 - sqlalchemy.engine.Engine - INFO - [no key 0.00183s] ()
2024-07-15 17:09:28,281 - sqlalchemy.engine.Engine - INFO - COMMIT
2024-07-15 17:09:52,891 - sqlalchemy.engine.Engine - INFO - BEGIN (implicit)
2024-07-15 17:09:52,894 - sqlalchemy.engine.Engine - INFO - SELECT usermodel.id, usermodel.service_name, usermodel.hashed_password, usermodel.is_active, usermodel.created_at, usermodel.updated_at 
FROM usermodel 
WHERE usermodel.service_name = ?
2024-07-15 17:09:52,895 - sqlalchemy.engine.Engine - INFO - [generated in 0.00096s] ('Test',)
2024-07-15 17:09:52,897 - sqlalchemy.engine.Engine - INFO - SELECT usermodel.id, usermodel.service_name, usermodel.hashed_password, usermodel.is_active, usermodel.created_at, usermodel.updated_at 
FROM usermodel 
WHERE usermodel.service_name = ?
2024-07-15 17:09:52,898 - sqlalchemy.engine.Engine - INFO - [cached since 0.003109s ago] ('Test',)
2024-07-15 17:09:52,905 - passlib.handlers.bcrypt - WARNING - (trapped) error reading bcrypt version
Traceback (most recent call last):
  File "C:\Users\gdelponte\Desktop\fastapi-send-email\env\Lib\site-packages\passlib\handlers\bcrypt.py", line 620, in _load_backend_mixin
    version = _bcrypt.__about__.__version__
              ^^^^^^^^^^^^^^^^^
AttributeError: module 'bcrypt' has no attribute '__about__'
2024-07-15 17:09:53,119 - sqlalchemy.engine.Engine - INFO - INSERT INTO usermodel (id, service_name, hashed_password, is_active, created_at, updated_at) VALUES (?, ?, ?, ?, ?, ?)
2024-07-15 17:09:53,120 - sqlalchemy.engine.Engine - INFO - [generated in 0.00143s] ('fb2fa5e397964ffba4fce251d8b966e5', 'Test', '$2b$12$CzaxWPIkBV7ADXoHaFvs4Os6XTVW5eYZhZBY9l28OE3Ry2lSD.KRi', 1, '2024-07-15 17:09:53.117570', None)
2024-07-15 17:09:53,122 - sqlalchemy.engine.Engine - INFO - COMMIT
2024-07-15 17:09:53,127 - sqlalchemy.engine.Engine - INFO - BEGIN (implicit)
2024-07-15 17:09:53,129 - sqlalchemy.engine.Engine - INFO - SELECT usermodel.id, usermodel.service_name, usermodel.hashed_password, usermodel.is_active, usermodel.created_at, usermodel.updated_at 
FROM usermodel 
WHERE usermodel.id = ?
2024-07-15 17:09:53,130 - sqlalchemy.engine.Engine - INFO - [generated in 0.00089s] ('fb2fa5e397964ffba4fce251d8b966e5',)
2024-07-15 17:09:53,134 - sqlalchemy.engine.Engine - INFO - ROLLBACK
2024-07-15 17:10:03,523 - sqlalchemy.engine.Engine - INFO - BEGIN (implicit)
2024-07-15 17:10:03,524 - sqlalchemy.engine.Engine - INFO - SELECT usermodel.id, usermodel.service_name, usermodel.hashed_password, usermodel.is_active, usermodel.created_at, usermodel.updated_at 
FROM usermodel 
WHERE usermodel.service_name = ?
2024-07-15 17:10:03,525 - sqlalchemy.engine.Engine - INFO - [cached since 10.63s ago] ('Test',)
2024-07-15 17:10:03,714 - sqlalchemy.engine.Engine - INFO - ROLLBACK
2024-07-15 17:17:35,885 - sqlalchemy.engine.Engine - INFO - BEGIN (implicit)
2024-07-15 17:17:35,886 - sqlalchemy.engine.Engine - INFO - PRAGMA main.table_info("emailmodel")
2024-07-15 17:17:35,886 - sqlalchemy.engine.Engine - INFO - [raw sql] ()
2024-07-15 17:17:35,887 - sqlalchemy.engine.Engine - INFO - PRAGMA main.table_info("usermodel")
2024-07-15 17:17:35,887 - sqlalchemy.engine.Engine - INFO - [raw sql] ()
2024-07-15 17:17:35,888 - sqlalchemy.engine.Engine - INFO - COMMIT
2024-07-15 17:22:42,024 - sqlalchemy.engine.Engine - INFO - BEGIN (implicit)
2024-07-15 17:22:42,025 - sqlalchemy.engine.Engine - INFO - PRAGMA main.table_info("emailmodel")
2024-07-15 17:22:42,026 - sqlalchemy.engine.Engine - INFO - [raw sql] ()
2024-07-15 17:22:42,027 - sqlalchemy.engine.Engine - INFO - PRAGMA main.table_info("usermodel")
2024-07-15 17:22:42,027 - sqlalchemy.engine.Engine - INFO - [raw sql] ()
2024-07-15 17:22:42,028 - sqlalchemy.engine.Engine - INFO - COMMIT
2024-07-15 17:23:36,291 - sqlalchemy.engine.Engine - INFO - BEGIN (implicit)
2024-07-15 17:23:36,292 - sqlalchemy.engine.Engine - INFO - PRAGMA main.table_info("emailmodel")
2024-07-15 17:23:36,293 - sqlalchemy.engine.Engine - INFO - [raw sql] ()
2024-07-15 17:23:36,293 - sqlalchemy.engine.Engine - INFO - PRAGMA main.table_info("usermodel")
2024-07-15 17:23:36,294 - sqlalchemy.engine.Engine - INFO - [raw sql] ()
2024-07-15 17:23:36,294 - sqlalchemy.engine.Engine - INFO - COMMIT
2024-07-15 17:24:12,880 - sqlalchemy.engine.Engine - INFO - BEGIN (implicit)
2024-07-15 17:24:12,881 - sqlalchemy.engine.Engine - INFO - PRAGMA main.table_info("emailmodel")
2024-07-15 17:24:12,881 - sqlalchemy.engine.Engine - INFO - [raw sql] ()
2024-07-15 17:24:12,882 - sqlalchemy.engine.Engine - INFO - PRAGMA main.table_info("usermodel")
2024-07-15 17:24:12,882 - sqlalchemy.engine.Engine - INFO - [raw sql] ()
2024-07-15 17:24:12,883 - sqlalchemy.engine.Engine - INFO - COMMIT
2024-07-15 17:24:19,758 - sqlalchemy.engine.Engine - INFO - BEGIN (implicit)
2024-07-15 17:24:19,759 - sqlalchemy.engine.Engine - INFO - PRAGMA main.table_info("emailmodel")
2024-07-15 17:24:19,759 - sqlalchemy.engine.Engine - INFO - [raw sql] ()
2024-07-15 17:24:19,760 - sqlalchemy.engine.Engine - INFO - PRAGMA main.table_info("usermodel")
2024-07-15 17:24:19,761 - sqlalchemy.engine.Engine - INFO - [raw sql] ()
2024-07-15 17:24:19,761 - sqlalchemy.engine.Engine - INFO - COMMIT
2024-07-15 17:24:44,354 - sqlalchemy.engine.Engine - INFO - BEGIN (implicit)
2024-07-15 17:24:44,355 - sqlalchemy.engine.Engine - INFO - PRAGMA main.table_info("emailmodel")
2024-07-15 17:24:44,355 - sqlalchemy.engine.Engine - INFO - [raw sql] ()
2024-07-15 17:24:44,356 - sqlalchemy.engine.Engine - INFO - PRAGMA main.table_info("usermodel")
2024-07-15 17:24:44,356 - sqlalchemy.engine.Engine - INFO - [raw sql] ()
2024-07-15 17:24:44,357 - sqlalchemy.engine.Engine - INFO - COMMIT
2024-07-15 17:24:48,399 - sqlalchemy.engine.Engine - INFO - BEGIN (implicit)
2024-07-15 17:24:48,400 - sqlalchemy.engine.Engine - INFO - PRAGMA main.table_info("emailmodel")
2024-07-15 17:24:48,400 - sqlalchemy.engine.Engine - INFO - [raw sql] ()
2024-07-15 17:24:48,401 - sqlalchemy.engine.Engine - INFO - PRAGMA main.table_info("usermodel")
2024-07-15 17:24:48,401 - sqlalchemy.engine.Engine - INFO - [raw sql] ()
2024-07-15 17:24:48,402 - sqlalchemy.engine.Engine - INFO - COMMIT
2024-07-15 17:25:37,788 - sqlalchemy.engine.Engine - INFO - BEGIN (implicit)
2024-07-15 17:25:37,789 - sqlalchemy.engine.Engine - INFO - PRAGMA main.table_info("emailmodel")
2024-07-15 17:25:37,789 - sqlalchemy.engine.Engine - INFO - [raw sql] ()
2024-07-15 17:25:37,790 - sqlalchemy.engine.Engine - INFO - PRAGMA main.table_info("usermodel")
2024-07-15 17:25:37,790 - sqlalchemy.engine.Engine - INFO - [raw sql] ()
2024-07-15 17:25:37,791 - sqlalchemy.engine.Engine - INFO - COMMIT
2024-07-15 17:26:35,477 - sqlalchemy.engine.Engine - INFO - BEGIN (implicit)
2024-07-15 17:26:35,479 - sqlalchemy.engine.Engine - INFO - PRAGMA main.table_info("emailmodel")
2024-07-15 17:26:35,479 - sqlalchemy.engine.Engine - INFO - [raw sql] ()
2024-07-15 17:26:35,480 - sqlalchemy.engine.Engine - INFO - PRAGMA main.table_info("usermodel")
2024-07-15 17:26:35,481 - sqlalchemy.engine.Engine - INFO - [raw sql] ()
2024-07-15 17:26:35,481 - sqlalchemy.engine.Engine - INFO - COMMIT
2024-07-15 17:27:05,612 - sqlalchemy.engine.Engine - INFO - BEGIN (implicit)
2024-07-15 17:27:05,615 - sqlalchemy.engine.Engine - INFO - SELECT usermodel.id, usermodel.service_name, usermodel.hashed_password, usermodel.is_active, usermodel.created_at, usermodel.updated_at 
FROM usermodel 
WHERE usermodel.service_name = ?
2024-07-15 17:27:05,616 - sqlalchemy.engine.Engine - INFO - [generated in 0.00093s] ('Test',)
2024-07-15 17:27:05,619 - passlib.handlers.bcrypt - WARNING - (trapped) error reading bcrypt version
Traceback (most recent call last):
  File "C:\Users\gdelponte\Desktop\fastapi-send-email\env\Lib\site-packages\passlib\handlers\bcrypt.py", line 620, in _load_backend_mixin
    version = _bcrypt.__about__.__version__
              ^^^^^^^^^^^^^^^^^
AttributeError: module 'bcrypt' has no attribute '__about__'
2024-07-15 17:27:05,829 - sqlalchemy.engine.Engine - INFO - ROLLBACK
2024-07-15 17:27:27,396 - sqlalchemy.engine.Engine - INFO - BEGIN (implicit)
2024-07-15 17:27:27,397 - sqlalchemy.engine.Engine - INFO - PRAGMA main.table_info("emailmodel")
2024-07-15 17:27:27,398 - sqlalchemy.engine.Engine - INFO - [raw sql] ()
2024-07-15 17:27:27,399 - sqlalchemy.engine.Engine - INFO - PRAGMA main.table_info("usermodel")
2024-07-15 17:27:27,400 - sqlalchemy.engine.Engine - INFO - [raw sql] ()
2024-07-15 17:27:27,400 - sqlalchemy.engine.Engine - INFO - COMMIT
2024-07-15 17:27:29,986 - sqlalchemy.engine.Engine - INFO - BEGIN (implicit)
2024-07-15 17:27:29,990 - sqlalchemy.engine.Engine - INFO - SELECT usermodel.id, usermodel.service_name, usermodel.hashed_password, usermodel.is_active, usermodel.created_at, usermodel.updated_at 
FROM usermodel 
WHERE usermodel.service_name = ?
2024-07-15 17:27:29,991 - sqlalchemy.engine.Engine - INFO - [generated in 0.00092s] ('Test',)
2024-07-15 17:27:29,993 - passlib.handlers.bcrypt - WARNING - (trapped) error reading bcrypt version
Traceback (most recent call last):
  File "C:\Users\gdelponte\Desktop\fastapi-send-email\env\Lib\site-packages\passlib\handlers\bcrypt.py", line 620, in _load_backend_mixin
    version = _bcrypt.__about__.__version__
              ^^^^^^^^^^^^^^^^^
AttributeError: module 'bcrypt' has no attribute '__about__'
2024-07-15 17:27:30,204 - sqlalchemy.engine.Engine - INFO - ROLLBACK
2024-07-15 17:38:52,940 - sqlalchemy.engine.Engine - INFO - BEGIN (implicit)
2024-07-15 17:38:52,941 - sqlalchemy.engine.Engine - INFO - PRAGMA main.table_info("emailmodel")
2024-07-15 17:38:52,942 - sqlalchemy.engine.Engine - INFO - [raw sql] ()
2024-07-15 17:38:52,942 - sqlalchemy.engine.Engine - INFO - PRAGMA main.table_info("usermodel")
2024-07-15 17:38:52,943 - sqlalchemy.engine.Engine - INFO - [raw sql] ()
2024-07-15 17:38:52,943 - sqlalchemy.engine.Engine - INFO - COMMIT
2024-07-15 17:39:06,808 - sqlalchemy.engine.Engine - INFO - BEGIN (implicit)
2024-07-15 17:39:06,809 - sqlalchemy.engine.Engine - INFO - PRAGMA main.table_info("emailmodel")
2024-07-15 17:39:06,809 - sqlalchemy.engine.Engine - INFO - [raw sql] ()
2024-07-15 17:39:06,810 - sqlalchemy.engine.Engine - INFO - PRAGMA main.table_info("usermodel")
2024-07-15 17:39:06,811 - sqlalchemy.engine.Engine - INFO - [raw sql] ()
2024-07-15 17:39:06,812 - sqlalchemy.engine.Engine - INFO - COMMIT
2024-07-15 17:49:05,685 - sqlalchemy.engine.Engine - INFO - BEGIN (implicit)
2024-07-15 17:49:05,686 - sqlalchemy.engine.Engine - INFO - PRAGMA main.table_info("emailmodel")
2024-07-15 17:49:05,687 - sqlalchemy.engine.Engine - INFO - [raw sql] ()
2024-07-15 17:49:05,687 - sqlalchemy.engine.Engine - INFO - PRAGMA main.table_info("usermodel")
2024-07-15 17:49:05,688 - sqlalchemy.engine.Engine - INFO - [raw sql] ()
2024-07-15 17:49:05,688 - sqlalchemy.engine.Engine - INFO - COMMIT
2024-07-15 17:49:26,690 - sqlalchemy.engine.Engine - INFO - BEGIN (implicit)
2024-07-15 17:49:26,691 - sqlalchemy.engine.Engine - INFO - PRAGMA main.table_info("emailmodel")
2024-07-15 17:49:26,691 - sqlalchemy.engine.Engine - INFO - [raw sql] ()
2024-07-15 17:49:26,692 - sqlalchemy.engine.Engine - INFO - PRAGMA main.table_info("usermodel")
2024-07-15 17:49:26,692 - sqlalchemy.engine.Engine - INFO - [raw sql] ()
2024-07-15 17:49:26,693 - sqlalchemy.engine.Engine - INFO - COMMIT
2024-07-15 17:49:40,204 - sqlalchemy.engine.Engine - INFO - BEGIN (implicit)
2024-07-15 17:49:40,204 - sqlalchemy.engine.Engine - INFO - PRAGMA main.table_info("emailmodel")
2024-07-15 17:49:40,205 - sqlalchemy.engine.Engine - INFO - [raw sql] ()
2024-07-15 17:49:40,206 - sqlalchemy.engine.Engine - INFO - PRAGMA main.table_info("usermodel")
2024-07-15 17:49:40,206 - sqlalchemy.engine.Engine - INFO - [raw sql] ()
2024-07-15 17:49:40,207 - sqlalchemy.engine.Engine - INFO - COMMIT
2024-07-15 17:49:43,314 - sqlalchemy.engine.Engine - INFO - BEGIN (implicit)
2024-07-15 17:49:43,315 - sqlalchemy.engine.Engine - INFO - PRAGMA main.table_info("emailmodel")
2024-07-15 17:49:43,315 - sqlalchemy.engine.Engine - INFO - [raw sql] ()
2024-07-15 17:49:43,316 - sqlalchemy.engine.Engine - INFO - PRAGMA main.table_info("usermodel")
2024-07-15 17:49:43,317 - sqlalchemy.engine.Engine - INFO - [raw sql] ()
2024-07-15 17:49:43,317 - sqlalchemy.engine.Engine - INFO - COMMIT
2024-07-15 17:52:24,379 - sqlalchemy.engine.Engine - INFO - BEGIN (implicit)
2024-07-15 17:52:24,384 - sqlalchemy.engine.Engine - INFO - SELECT usermodel.id, usermodel.service_name, usermodel.hashed_password, usermodel.is_active, usermodel.created_at, usermodel.updated_at 
FROM usermodel 
WHERE usermodel.service_name = ?
2024-07-15 17:52:24,385 - sqlalchemy.engine.Engine - INFO - [generated in 0.00109s] ('Test',)
2024-07-15 17:52:24,394 - passlib.handlers.bcrypt - WARNING - (trapped) error reading bcrypt version
Traceback (most recent call last):
  File "C:\Users\gdelponte\Desktop\fastapi-send-email\env\Lib\site-packages\passlib\handlers\bcrypt.py", line 620, in _load_backend_mixin
    version = _bcrypt.__about__.__version__
              ^^^^^^^^^^^^^^^^^
AttributeError: module 'bcrypt' has no attribute '__about__'
2024-07-15 17:52:24,606 - sqlalchemy.engine.Engine - INFO - ROLLBACK
2024-07-15 17:55:05,568 - sqlalchemy.engine.Engine - INFO - BEGIN (implicit)
2024-07-15 17:55:05,569 - sqlalchemy.engine.Engine - INFO - SELECT usermodel.id, usermodel.service_name, usermodel.hashed_password, usermodel.is_active, usermodel.created_at, usermodel.updated_at 
FROM usermodel 
WHERE usermodel.service_name = ?
2024-07-15 17:55:05,570 - sqlalchemy.engine.Engine - INFO - [cached since 161.2s ago] ('Test',)
2024-07-15 17:55:05,571 - sqlalchemy.engine.Engine - INFO - ROLLBACK
2024-07-15 17:55:53,478 - sqlalchemy.engine.Engine - INFO - BEGIN (implicit)
2024-07-15 17:55:53,479 - sqlalchemy.engine.Engine - INFO - SELECT usermodel.id, usermodel.service_name, usermodel.hashed_password, usermodel.is_active, usermodel.created_at, usermodel.updated_at 
FROM usermodel 
WHERE usermodel.service_name = ?
2024-07-15 17:55:53,479 - sqlalchemy.engine.Engine - INFO - [cached since 209.1s ago] ('Test',)
2024-07-15 17:55:53,480 - sqlalchemy.engine.Engine - INFO - ROLLBACK
2024-07-15 17:56:08,380 - sqlalchemy.engine.Engine - INFO - BEGIN (implicit)
2024-07-15 17:56:08,380 - sqlalchemy.engine.Engine - INFO - SELECT usermodel.id, usermodel.service_name, usermodel.hashed_password, usermodel.is_active, usermodel.created_at, usermodel.updated_at 
FROM usermodel 
WHERE usermodel.service_name = ?
2024-07-15 17:56:08,381 - sqlalchemy.engine.Engine - INFO - [cached since 224s ago] ('Test',)
2024-07-15 17:56:08,382 - sqlalchemy.engine.Engine - INFO - ROLLBACK
2024-07-15 17:56:09,261 - sqlalchemy.engine.Engine - INFO - BEGIN (implicit)
2024-07-15 17:56:09,261 - sqlalchemy.engine.Engine - INFO - SELECT usermodel.id, usermodel.service_name, usermodel.hashed_password, usermodel.is_active, usermodel.created_at, usermodel.updated_at 
FROM usermodel 
WHERE usermodel.service_name = ?
2024-07-15 17:56:09,262 - sqlalchemy.engine.Engine - INFO - [cached since 224.9s ago] ('Test',)
2024-07-15 17:56:09,263 - sqlalchemy.engine.Engine - INFO - ROLLBACK
2024-07-15 17:56:09,754 - sqlalchemy.engine.Engine - INFO - BEGIN (implicit)
2024-07-15 17:56:09,755 - sqlalchemy.engine.Engine - INFO - SELECT usermodel.id, usermodel.service_name, usermodel.hashed_password, usermodel.is_active, usermodel.created_at, usermodel.updated_at 
FROM usermodel 
WHERE usermodel.service_name = ?
2024-07-15 17:56:09,756 - sqlalchemy.engine.Engine - INFO - [cached since 225.4s ago] ('Test',)
2024-07-15 17:56:09,757 - sqlalchemy.engine.Engine - INFO - ROLLBACK
2024-07-15 17:56:10,204 - sqlalchemy.engine.Engine - INFO - BEGIN (implicit)
2024-07-15 17:56:10,205 - sqlalchemy.engine.Engine - INFO - SELECT usermodel.id, usermodel.service_name, usermodel.hashed_password, usermodel.is_active, usermodel.created_at, usermodel.updated_at 
FROM usermodel 
WHERE usermodel.service_name = ?
2024-07-15 17:56:10,206 - sqlalchemy.engine.Engine - INFO - [cached since 225.8s ago] ('Test',)
2024-07-15 17:56:10,207 - sqlalchemy.engine.Engine - INFO - ROLLBACK
2024-07-15 17:56:10,715 - sqlalchemy.engine.Engine - INFO - BEGIN (implicit)
2024-07-15 17:56:10,716 - sqlalchemy.engine.Engine - INFO - SELECT usermodel.id, usermodel.service_name, usermodel.hashed_password, usermodel.is_active, usermodel.created_at, usermodel.updated_at 
FROM usermodel 
WHERE usermodel.service_name = ?
2024-07-15 17:56:10,716 - sqlalchemy.engine.Engine - INFO - [cached since 226.3s ago] ('Test',)
2024-07-15 17:56:10,717 - sqlalchemy.engine.Engine - INFO - ROLLBACK
2024-07-15 17:56:11,225 - sqlalchemy.engine.Engine - INFO - BEGIN (implicit)
2024-07-15 17:56:11,226 - sqlalchemy.engine.Engine - INFO - SELECT usermodel.id, usermodel.service_name, usermodel.hashed_password, usermodel.is_active, usermodel.created_at, usermodel.updated_at 
FROM usermodel 
WHERE usermodel.service_name = ?
2024-07-15 17:56:11,227 - sqlalchemy.engine.Engine - INFO - [cached since 226.9s ago] ('Test',)
2024-07-15 17:56:11,228 - sqlalchemy.engine.Engine - INFO - ROLLBACK
2024-07-15 17:56:11,656 - sqlalchemy.engine.Engine - INFO - BEGIN (implicit)
2024-07-15 17:56:11,657 - sqlalchemy.engine.Engine - INFO - SELECT usermodel.id, usermodel.service_name, usermodel.hashed_password, usermodel.is_active, usermodel.created_at, usermodel.updated_at 
FROM usermodel 
WHERE usermodel.service_name = ?
2024-07-15 17:56:11,658 - sqlalchemy.engine.Engine - INFO - [cached since 227.3s ago] ('Test',)
2024-07-15 17:56:11,659 - sqlalchemy.engine.Engine - INFO - ROLLBACK
2024-07-15 17:56:12,135 - sqlalchemy.engine.Engine - INFO - BEGIN (implicit)
2024-07-15 17:56:12,135 - sqlalchemy.engine.Engine - INFO - SELECT usermodel.id, usermodel.service_name, usermodel.hashed_password, usermodel.is_active, usermodel.created_at, usermodel.updated_at 
FROM usermodel 
WHERE usermodel.service_name = ?
2024-07-15 17:56:12,136 - sqlalchemy.engine.Engine - INFO - [cached since 227.8s ago] ('Test',)
2024-07-15 17:56:12,137 - sqlalchemy.engine.Engine - INFO - ROLLBACK
2024-07-15 17:56:12,571 - sqlalchemy.engine.Engine - INFO - BEGIN (implicit)
2024-07-15 17:56:12,572 - sqlalchemy.engine.Engine - INFO - SELECT usermodel.id, usermodel.service_name, usermodel.hashed_password, usermodel.is_active, usermodel.created_at, usermodel.updated_at 
FROM usermodel 
WHERE usermodel.service_name = ?
2024-07-15 17:56:12,573 - sqlalchemy.engine.Engine - INFO - [cached since 228.2s ago] ('Test',)
2024-07-15 17:56:12,574 - sqlalchemy.engine.Engine - INFO - ROLLBACK
2024-07-15 17:56:13,128 - sqlalchemy.engine.Engine - INFO - BEGIN (implicit)
2024-07-15 17:56:13,129 - sqlalchemy.engine.Engine - INFO - SELECT usermodel.id, usermodel.service_name, usermodel.hashed_password, usermodel.is_active, usermodel.created_at, usermodel.updated_at 
FROM usermodel 
WHERE usermodel.service_name = ?
2024-07-15 17:56:13,129 - sqlalchemy.engine.Engine - INFO - [cached since 228.8s ago] ('Test',)
2024-07-15 17:56:13,130 - sqlalchemy.engine.Engine - INFO - ROLLBACK
2024-07-15 17:56:13,602 - sqlalchemy.engine.Engine - INFO - BEGIN (implicit)
2024-07-15 17:56:13,603 - sqlalchemy.engine.Engine - INFO - SELECT usermodel.id, usermodel.service_name, usermodel.hashed_password, usermodel.is_active, usermodel.created_at, usermodel.updated_at 
FROM usermodel 
WHERE usermodel.service_name = ?
2024-07-15 17:56:13,604 - sqlalchemy.engine.Engine - INFO - [cached since 229.2s ago] ('Test',)
2024-07-15 17:56:13,605 - sqlalchemy.engine.Engine - INFO - ROLLBACK
2024-07-15 17:56:14,818 - sqlalchemy.engine.Engine - INFO - BEGIN (implicit)
2024-07-15 17:56:14,818 - sqlalchemy.engine.Engine - INFO - SELECT usermodel.id, usermodel.service_name, usermodel.hashed_password, usermodel.is_active, usermodel.created_at, usermodel.updated_at 
FROM usermodel 
WHERE usermodel.service_name = ?
2024-07-15 17:56:14,819 - sqlalchemy.engine.Engine - INFO - [cached since 230.4s ago] ('Test',)
2024-07-15 17:56:14,820 - sqlalchemy.engine.Engine - INFO - ROLLBACK
2024-07-15 17:56:36,022 - sqlalchemy.engine.Engine - INFO - BEGIN (implicit)
2024-07-15 17:56:36,023 - sqlalchemy.engine.Engine - INFO - SELECT usermodel.id, usermodel.service_name, usermodel.hashed_password, usermodel.is_active, usermodel.created_at, usermodel.updated_at 
FROM usermodel 
WHERE usermodel.service_name = ?
2024-07-15 17:56:36,024 - sqlalchemy.engine.Engine - INFO - [cached since 251.7s ago] ('Test',)
2024-07-15 17:56:36,027 - sqlalchemy.engine.Engine - INFO - ROLLBACK
2024-07-15 17:57:07,509 - sqlalchemy.engine.Engine - INFO - BEGIN (implicit)
2024-07-15 17:57:07,510 - sqlalchemy.engine.Engine - INFO - SELECT usermodel.id, usermodel.service_name, usermodel.hashed_password, usermodel.is_active, usermodel.created_at, usermodel.updated_at 
FROM usermodel 
WHERE usermodel.service_name = ?
2024-07-15 17:57:07,511 - sqlalchemy.engine.Engine - INFO - [cached since 283.1s ago] ('Test',)
2024-07-15 17:57:07,521 - sqlalchemy.engine.Engine - INFO - INSERT INTO emailmodel (from_email, to_email, to_cc_email, to_cco_email, subject, body, status, created_at, sent_at) VALUES (?, ?, ?, ?, ?, ?, ?, ?, ?)
2024-07-15 17:57:07,522 - sqlalchemy.engine.Engine - INFO - [generated in 0.00098s] ('sistemas@nobleseguros.com', 'guido.delponte@nobleseguros.com', None, None, 'TEST', '<h1>TEST</h1>', 'pending', '2024-07-15 17:57:07.519170', None)
2024-07-15 17:57:07,525 - sqlalchemy.engine.Engine - INFO - COMMIT
2024-07-15 17:57:07,531 - sqlalchemy.engine.Engine - INFO - BEGIN (implicit)
2024-07-15 17:57:07,533 - sqlalchemy.engine.Engine - INFO - SELECT emailmodel.id, emailmodel.from_email, emailmodel.to_email, emailmodel.to_cc_email, emailmodel.to_cco_email, emailmodel.subject, emailmodel.body, emailmodel.status, emailmodel.created_at, emailmodel.sent_at 
FROM emailmodel 
WHERE emailmodel.id = ?
2024-07-15 17:57:07,534 - sqlalchemy.engine.Engine - INFO - [generated in 0.00099s] (1,)
2024-07-15 17:57:07,535 - sqlalchemy.engine.Engine - INFO - ROLLBACK
2024-07-15 17:57:07,536 - sqlalchemy.engine.Engine - INFO - BEGIN (implicit)
2024-07-15 17:57:07,537 - sqlalchemy.engine.Engine - INFO - SELECT emailmodel.id AS emailmodel_id, emailmodel.from_email AS emailmodel_from_email, emailmodel.to_email AS emailmodel_to_email, emailmodel.to_cc_email AS emailmodel_to_cc_email, emailmodel.to_cco_email AS emailmodel_to_cco_email, emailmodel.subject AS emailmodel_subject, emailmodel.body AS emailmodel_body, emailmodel.status AS emailmodel_status, emailmodel.created_at AS emailmodel_created_at, emailmodel.sent_at AS emailmodel_sent_at 
FROM emailmodel 
WHERE emailmodel.id = ?
2024-07-15 17:57:07,538 - sqlalchemy.engine.Engine - INFO - [generated in 0.00106s] (1,)
2024-07-15 17:57:07,711 - sqlalchemy.engine.Engine - INFO - UPDATE emailmodel SET status=?, sent_at=? WHERE emailmodel.id = ?
2024-07-15 17:57:07,712 - sqlalchemy.engine.Engine - INFO - [generated in 0.00111s] (<EmailStatus.SENT: 'sent'>, '2024-07-15 17:57:07.709637', 1)
2024-07-15 17:57:07,715 - sqlalchemy.engine.Engine - INFO - COMMIT
2024-07-15 17:57:07,720 - sqlalchemy.engine.Engine - INFO - BEGIN (implicit)
2024-07-15 17:57:07,721 - sqlalchemy.engine.Engine - INFO - SELECT emailmodel.id, emailmodel.from_email, emailmodel.to_email, emailmodel.to_cc_email, emailmodel.to_cco_email, emailmodel.subject, emailmodel.body, emailmodel.status, emailmodel.created_at, emailmodel.sent_at 
FROM emailmodel 
WHERE emailmodel.id = ?
2024-07-15 17:57:07,722 - sqlalchemy.engine.Engine - INFO - [cached since 0.1898s ago] (1,)
2024-07-15 17:57:07,723 - sqlalchemy.engine.Engine - INFO - ROLLBACK
2024-07-15 17:57:27,851 - sqlalchemy.engine.Engine - INFO - BEGIN (implicit)
2024-07-15 17:57:27,852 - sqlalchemy.engine.Engine - INFO - SELECT usermodel.id, usermodel.service_name, usermodel.hashed_password, usermodel.is_active, usermodel.created_at, usermodel.updated_at 
FROM usermodel 
WHERE usermodel.service_name = ?
2024-07-15 17:57:27,852 - sqlalchemy.engine.Engine - INFO - [cached since 303.5s ago] ('Test',)
2024-07-15 17:57:27,854 - sqlalchemy.engine.Engine - INFO - INSERT INTO emailmodel (from_email, to_email, to_cc_email, to_cco_email, subject, body, status, created_at, sent_at) VALUES (?, ?, ?, ?, ?, ?, ?, ?, ?)
2024-07-15 17:57:27,854 - sqlalchemy.engine.Engine - INFO - [cached since 20.34s ago] ('sistemas@nobleseguros.com', 'guido.delponte@nobleseguros.com', None, None, 'TEST', '<h1>TEST</h1>', 'pending', '2024-07-15 17:57:27.854647', None)
2024-07-15 17:57:27,857 - sqlalchemy.engine.Engine - INFO - COMMIT
2024-07-15 17:57:27,862 - sqlalchemy.engine.Engine - INFO - BEGIN (implicit)
2024-07-15 17:57:27,863 - sqlalchemy.engine.Engine - INFO - SELECT emailmodel.id, emailmodel.from_email, emailmodel.to_email, emailmodel.to_cc_email, emailmodel.to_cco_email, emailmodel.subject, emailmodel.body, emailmodel.status, emailmodel.created_at, emailmodel.sent_at 
FROM emailmodel 
WHERE emailmodel.id = ?
2024-07-15 17:57:27,864 - sqlalchemy.engine.Engine - INFO - [cached since 20.33s ago] (2,)
2024-07-15 17:57:27,865 - sqlalchemy.engine.Engine - INFO - ROLLBACK
2024-07-15 17:57:27,867 - sqlalchemy.engine.Engine - INFO - BEGIN (implicit)
2024-07-15 17:57:27,868 - sqlalchemy.engine.Engine - INFO - SELECT emailmodel.id AS emailmodel_id, emailmodel.from_email AS emailmodel_from_email, emailmodel.to_email AS emailmodel_to_email, emailmodel.to_cc_email AS emailmodel_to_cc_email, emailmodel.to_cco_email AS emailmodel_to_cco_email, emailmodel.subject AS emailmodel_subject, emailmodel.body AS emailmodel_body, emailmodel.status AS emailmodel_status, emailmodel.created_at AS emailmodel_created_at, emailmodel.sent_at AS emailmodel_sent_at 
FROM emailmodel 
WHERE emailmodel.id = ?
2024-07-15 17:57:27,869 - sqlalchemy.engine.Engine - INFO - [cached since 20.33s ago] (2,)
2024-07-15 17:57:28,013 - sqlalchemy.engine.Engine - INFO - UPDATE emailmodel SET status=?, sent_at=? WHERE emailmodel.id = ?
2024-07-15 17:57:28,013 - sqlalchemy.engine.Engine - INFO - [cached since 20.3s ago] (<EmailStatus.SENT: 'sent'>, '2024-07-15 17:57:28.012941', 2)
2024-07-15 17:57:28,015 - sqlalchemy.engine.Engine - INFO - COMMIT
2024-07-15 17:57:28,020 - sqlalchemy.engine.Engine - INFO - BEGIN (implicit)
2024-07-15 17:57:28,021 - sqlalchemy.engine.Engine - INFO - SELECT emailmodel.id, emailmodel.from_email, emailmodel.to_email, emailmodel.to_cc_email, emailmodel.to_cco_email, emailmodel.subject, emailmodel.body, emailmodel.status, emailmodel.created_at, emailmodel.sent_at 
FROM emailmodel 
WHERE emailmodel.id = ?
2024-07-15 17:57:28,022 - sqlalchemy.engine.Engine - INFO - [cached since 20.49s ago] (2,)
2024-07-15 17:57:28,023 - sqlalchemy.engine.Engine - INFO - ROLLBACK
2024-07-15 17:57:55,496 - sqlalchemy.engine.Engine - INFO - BEGIN (implicit)
2024-07-15 17:57:55,497 - sqlalchemy.engine.Engine - INFO - PRAGMA main.table_info("emailmodel")
2024-07-15 17:57:55,497 - sqlalchemy.engine.Engine - INFO - [raw sql] ()
2024-07-15 17:57:55,498 - sqlalchemy.engine.Engine - INFO - PRAGMA main.table_info("usermodel")
2024-07-15 17:57:55,499 - sqlalchemy.engine.Engine - INFO - [raw sql] ()
2024-07-15 17:57:55,499 - sqlalchemy.engine.Engine - INFO - COMMIT
2024-07-15 17:58:18,356 - sqlalchemy.engine.Engine - INFO - BEGIN (implicit)
2024-07-15 17:58:18,357 - sqlalchemy.engine.Engine - INFO - PRAGMA main.table_info("emailmodel")
2024-07-15 17:58:18,357 - sqlalchemy.engine.Engine - INFO - [raw sql] ()
2024-07-15 17:58:18,358 - sqlalchemy.engine.Engine - INFO - PRAGMA main.table_info("usermodel")
2024-07-15 17:58:18,359 - sqlalchemy.engine.Engine - INFO - [raw sql] ()
2024-07-15 17:58:18,359 - sqlalchemy.engine.Engine - INFO - COMMIT
2024-07-15 17:58:31,541 - sqlalchemy.engine.Engine - INFO - BEGIN (implicit)
2024-07-15 17:58:31,542 - sqlalchemy.engine.Engine - INFO - PRAGMA main.table_info("emailmodel")
2024-07-15 17:58:31,542 - sqlalchemy.engine.Engine - INFO - [raw sql] ()
2024-07-15 17:58:31,543 - sqlalchemy.engine.Engine - INFO - PRAGMA main.table_info("usermodel")
2024-07-15 17:58:31,544 - sqlalchemy.engine.Engine - INFO - [raw sql] ()
2024-07-15 17:58:31,544 - sqlalchemy.engine.Engine - INFO - COMMIT
2024-07-15 18:00:55,882 - sqlalchemy.engine.Engine - INFO - BEGIN (implicit)
2024-07-15 18:00:55,886 - sqlalchemy.engine.Engine - INFO - SELECT usermodel.id, usermodel.service_name, usermodel.hashed_password, usermodel.is_active, usermodel.created_at, usermodel.updated_at 
FROM usermodel 
WHERE usermodel.service_name = ?
2024-07-15 18:00:55,886 - sqlalchemy.engine.Engine - INFO - [generated in 0.00090s] ('Test',)
2024-07-15 18:00:55,890 - sqlalchemy.engine.Engine - INFO - SELECT emailmodel.id AS emailmodel_id, emailmodel.from_email AS emailmodel_from_email, emailmodel.to_email AS emailmodel_to_email, emailmodel.to_cc_email AS emailmodel_to_cc_email, emailmodel.to_cco_email AS emailmodel_to_cco_email, emailmodel.subject AS emailmodel_subject, emailmodel.body AS emailmodel_body, emailmodel.status AS emailmodel_status, emailmodel.created_at AS emailmodel_created_at, emailmodel.sent_at AS emailmodel_sent_at 
FROM emailmodel 
WHERE emailmodel.id = ?
2024-07-15 18:00:55,891 - sqlalchemy.engine.Engine - INFO - [generated in 0.00127s] (2,)
2024-07-15 18:00:55,898 - sqlalchemy.engine.Engine - INFO - ROLLBACK
2024-07-15 18:07:13,338 - sqlalchemy.engine.Engine - INFO - BEGIN (implicit)
2024-07-15 18:07:13,339 - sqlalchemy.engine.Engine - INFO - PRAGMA main.table_info("emailmodel")
2024-07-15 18:07:13,340 - sqlalchemy.engine.Engine - INFO - [raw sql] ()
2024-07-15 18:07:13,344 - sqlalchemy.engine.Engine - INFO - PRAGMA main.table_info("usermodel")
2024-07-15 18:07:13,345 - sqlalchemy.engine.Engine - INFO - [raw sql] ()
2024-07-15 18:07:13,345 - sqlalchemy.engine.Engine - INFO - COMMIT
2024-07-15 18:09:10,440 - sqlalchemy.engine.Engine - INFO - BEGIN (implicit)
2024-07-15 18:09:10,442 - sqlalchemy.engine.Engine - INFO - PRAGMA main.table_info("emailmodel")
2024-07-15 18:09:10,444 - sqlalchemy.engine.Engine - INFO - [raw sql] ()
2024-07-15 18:09:10,446 - sqlalchemy.engine.Engine - INFO - PRAGMA main.table_info("usermodel")
2024-07-15 18:09:10,447 - sqlalchemy.engine.Engine - INFO - [raw sql] ()
2024-07-15 18:09:10,448 - sqlalchemy.engine.Engine - INFO - COMMIT
2024-07-15 18:09:18,817 - sqlalchemy.engine.Engine - INFO - BEGIN (implicit)
2024-07-15 18:09:18,818 - sqlalchemy.engine.Engine - INFO - PRAGMA main.table_info("emailmodel")
2024-07-15 18:09:18,818 - sqlalchemy.engine.Engine - INFO - [raw sql] ()
2024-07-15 18:09:18,819 - sqlalchemy.engine.Engine - INFO - PRAGMA main.table_info("usermodel")
2024-07-15 18:09:18,820 - sqlalchemy.engine.Engine - INFO - [raw sql] ()
2024-07-15 18:09:18,820 - sqlalchemy.engine.Engine - INFO - COMMIT
2024-07-15 18:10:12,715 - sqlalchemy.engine.Engine - INFO - BEGIN (implicit)
2024-07-15 18:10:12,716 - sqlalchemy.engine.Engine - INFO - PRAGMA main.table_info("emailmodel")
2024-07-15 18:10:12,717 - sqlalchemy.engine.Engine - INFO - [raw sql] ()
2024-07-15 18:10:12,717 - sqlalchemy.engine.Engine - INFO - PRAGMA main.table_info("usermodel")
2024-07-15 18:10:12,717 - sqlalchemy.engine.Engine - INFO - [raw sql] ()
2024-07-15 18:10:12,719 - sqlalchemy.engine.Engine - INFO - COMMIT
2024-07-15 18:10:20,638 - sqlalchemy.engine.Engine - INFO - BEGIN (implicit)
2024-07-15 18:10:20,638 - sqlalchemy.engine.Engine - INFO - PRAGMA main.table_info("emailmodel")
2024-07-15 18:10:20,638 - sqlalchemy.engine.Engine - INFO - [raw sql] ()
2024-07-15 18:10:20,638 - sqlalchemy.engine.Engine - INFO - PRAGMA main.table_info("usermodel")
2024-07-15 18:10:20,638 - sqlalchemy.engine.Engine - INFO - [raw sql] ()
2024-07-15 18:10:20,638 - sqlalchemy.engine.Engine - INFO - COMMIT
2024-07-15 20:10:28,050 - sqlalchemy.engine.Engine - INFO - BEGIN (implicit)
2024-07-15 20:10:28,051 - sqlalchemy.engine.Engine - INFO - PRAGMA main.table_info("emailmodel")
2024-07-15 20:10:28,051 - sqlalchemy.engine.Engine - INFO - [raw sql] ()
2024-07-15 20:10:28,055 - sqlalchemy.engine.Engine - INFO - PRAGMA main.table_info("usermodel")
2024-07-15 20:10:28,056 - sqlalchemy.engine.Engine - INFO - [raw sql] ()
2024-07-15 20:10:28,056 - sqlalchemy.engine.Engine - INFO - COMMIT
2024-07-15 20:10:47,557 - sqlalchemy.engine.Engine - INFO - BEGIN (implicit)
2024-07-15 20:10:47,558 - sqlalchemy.engine.Engine - INFO - PRAGMA main.table_info("emailmodel")
2024-07-15 20:10:47,559 - sqlalchemy.engine.Engine - INFO - [raw sql] ()
2024-07-15 20:10:47,559 - sqlalchemy.engine.Engine - INFO - PRAGMA main.table_info("usermodel")
2024-07-15 20:10:47,560 - sqlalchemy.engine.Engine - INFO - [raw sql] ()
2024-07-15 20:10:47,560 - sqlalchemy.engine.Engine - INFO - COMMIT
2024-07-15 20:18:58,612 - sqlalchemy.engine.Engine - INFO - BEGIN (implicit)
2024-07-15 20:18:58,613 - sqlalchemy.engine.Engine - INFO - PRAGMA main.table_info("emailmodel")
2024-07-15 20:18:58,613 - sqlalchemy.engine.Engine - INFO - [raw sql] ()
2024-07-15 20:18:58,614 - sqlalchemy.engine.Engine - INFO - PRAGMA main.table_info("usermodel")
2024-07-15 20:18:58,615 - sqlalchemy.engine.Engine - INFO - [raw sql] ()
2024-07-15 20:18:58,615 - sqlalchemy.engine.Engine - INFO - COMMIT
2024-07-15 20:19:25,919 - sqlalchemy.engine.Engine - INFO - BEGIN (implicit)
2024-07-15 20:19:25,920 - sqlalchemy.engine.Engine - INFO - PRAGMA main.table_info("emailmodel")
2024-07-15 20:19:25,920 - sqlalchemy.engine.Engine - INFO - [raw sql] ()
2024-07-15 20:19:25,921 - sqlalchemy.engine.Engine - INFO - PRAGMA main.table_info("usermodel")
2024-07-15 20:19:25,922 - sqlalchemy.engine.Engine - INFO - [raw sql] ()
2024-07-15 20:19:25,923 - sqlalchemy.engine.Engine - INFO - COMMIT
